spots read      : 39,757,505
reads read      : 79,515,010
reads written   : 79,515,010
spots read      : 24,282,406
reads read      : 48,564,812
reads written   : 48,564,812
spots read      : 31,394,858
reads read      : 62,789,716
reads written   : 62,789,716
spots read      : 42,376,753
reads read      : 84,753,506
reads written   : 84,753,506
spots read      : 45,594,299
reads read      : 91,188,598
reads written   : 91,188,598
spots read      : 32,103,419
reads read      : 64,206,838
reads written   : 64,206,838
spots read      : 25,911,156
reads read      : 51,822,312
reads written   : 51,822,312
spots read      : 27,810,050
reads read      : 55,620,100
reads written   : 55,620,100
spots read      : 25,095,909
reads read      : 50,191,818
reads written   : 50,191,818
spots read      : 38,467,480
reads read      : 76,934,960
reads written   : 76,934,960
spots read      : 28,944,425
reads read      : 57,888,850
reads written   : 57,888,850
spots read      : 44,150,645
reads read      : 88,301,290
reads written   : 88,301,290
spots read      : 33,059,128
reads read      : 66,118,256
reads written   : 66,118,256
spots read      : 50,272,110
reads read      : 100,544,220
reads written   : 100,544,220
spots read      : 29,568,882
reads read      : 59,137,764
reads written   : 59,137,764
spots read      : 34,075,575
reads read      : 68,151,150
reads written   : 68,151,150
spots read      : 45,152,396
reads read      : 90,304,792
reads written   : 90,304,792
spots read      : 31,584,186
reads read      : 63,168,372
reads written   : 63,168,372
spots read      : 23,568,325
reads read      : 47,136,650
reads written   : 47,136,650
spots read      : 37,258,263
reads read      : 74,516,526
reads written   : 74,516,526
spots read      : 28,058,927
reads read      : 56,117,854
reads written   : 56,117,854
spots read      : 26,381,226
reads read      : 52,762,452
reads written   : 52,762,452
spots read      : 29,868,417
reads read      : 59,736,834
reads written   : 59,736,834
spots read      : 31,406,779
reads read      : 62,813,558
reads written   : 62,813,558
spots read      : 38,081,244
reads read      : 76,162,488
reads written   : 76,162,488
spots read      : 29,806,267
reads read      : 59,612,534
reads written   : 59,612,534
spots read      : 20,529,750
reads read      : 41,059,500
reads written   : 41,059,500
spots read      : 26,939,256
reads read      : 53,878,512
reads written   : 53,878,512
spots read      : 23,182,732
reads read      : 46,365,464
reads written   : 46,365,464
spots read      : 21,698,497
reads read      : 43,396,994
reads written   : 43,396,994
spots read      : 22,777,283
reads read      : 45,554,566
reads written   : 45,554,566
spots read      : 19,125,261
reads read      : 38,250,522
reads written   : 38,250,522
spots read      : 27,912,691
reads read      : 55,825,382
reads written   : 55,825,382
spots read      : 22,744,682
reads read      : 45,489,364
reads written   : 45,489,364
spots read      : 18,887,968
reads read      : 37,775,936
reads written   : 37,775,936
spots read      : 22,743,870
reads read      : 45,487,740
reads written   : 45,487,740
spots read      : 21,044,557
reads read      : 42,089,114
reads written   : 42,089,114
spots read      : 20,719,794
reads read      : 41,439,588
reads written   : 41,439,588
spots read      : 21,047,562
reads read      : 42,095,124
reads written   : 42,095,124
spots read      : 17,165,877
reads read      : 34,331,754
reads written   : 34,331,754
spots read      : 14,868,403
reads read      : 29,736,806
reads written   : 29,736,806
spots read      : 25,958,006
reads read      : 51,916,012
reads written   : 51,916,012
spots read      : 27,162,997
reads read      : 54,325,994
reads written   : 54,325,994
spots read      : 30,491,955
reads read      : 60,983,910
reads written   : 60,983,910
spots read      : 22,359,393
reads read      : 44,718,786
reads written   : 44,718,786
spots read      : 12,820,647
reads read      : 25,641,294
reads written   : 25,641,294
spots read      : 25,478,097
reads read      : 50,956,194
reads written   : 50,956,194
spots read      : 19,058,177
reads read      : 38,116,354
reads written   : 38,116,354
spots read      : 17,376,949
reads read      : 34,753,898
reads written   : 34,753,898
spots read      : 24,898,286
reads read      : 49,796,572
reads written   : 49,796,572
spots read      : 20,875,547
reads read      : 41,751,094
reads written   : 41,751,094
spots read      : 28,290,156
reads read      : 56,580,312
reads written   : 56,580,312
spots read      : 27,550,640
reads read      : 55,101,280
reads written   : 55,101,280
spots read      : 36,270,147
reads read      : 72,540,294
reads written   : 72,540,294
spots read      : 47,021,799
reads read      : 94,043,598
reads written   : 94,043,598
spots read      : 30,171,413
reads read      : 60,342,826
reads written   : 60,342,826
spots read      : 39,278,531
reads read      : 78,557,062
reads written   : 78,557,062
spots read      : 44,693,216
reads read      : 89,386,432
reads written   : 89,386,432
spots read      : 38,603,913
reads read      : 77,207,826
reads written   : 77,207,826
spots read      : 35,329,542
reads read      : 70,659,084
reads written   : 70,659,084
spots read      : 25,988,144
reads read      : 51,976,288
reads written   : 51,976,288
spots read      : 17,468,342
reads read      : 34,936,684
reads written   : 34,936,684
spots read      : 24,308,486
reads read      : 48,616,972
reads written   : 48,616,972
spots read      : 20,469,304
reads read      : 40,938,608
reads written   : 40,938,608
spots read      : 19,829,337
reads read      : 39,658,674
reads written   : 39,658,674
spots read      : 20,920,867
reads read      : 41,841,734
reads written   : 41,841,734
spots read      : 16,107,849
reads read      : 32,215,698
reads written   : 32,215,698
spots read      : 22,786,782
reads read      : 45,573,564
reads written   : 45,573,564
spots read      : 22,673,227
reads read      : 45,346,454
reads written   : 45,346,454
spots read      : 28,489,923
reads read      : 56,979,846
reads written   : 56,979,846
spots read      : 27,670,533
reads read      : 55,341,066
reads written   : 55,341,066
spots read      : 27,363,706
reads read      : 54,727,412
reads written   : 54,727,412
spots read      : 16,928,157
reads read      : 33,856,314
reads written   : 33,856,314
spots read      : 29,272,515
reads read      : 58,545,030
reads written   : 58,545,030
spots read      : 19,793,219
reads read      : 39,586,438
reads written   : 39,586,438
spots read      : 18,753,713
reads read      : 37,507,426
reads written   : 37,507,426
spots read      : 78,849,364
reads read      : 157,698,728
reads written   : 157,698,728
spots read      : 70,770,521
reads read      : 141,541,042
reads written   : 141,541,042
