[2025-09-26 16:41:00,853] multiqc                                            [DEBUG  ]  This is MultiQC v1.19 (fd4041a)
[2025-09-26 16:41:00,855] multiqc                                            [DEBUG  ]  Command used: /projects/inesmelo_research/jaileru/rna-exploration/bulk-rna-seq/workflow/.snakemake/conda/32cc0ba8e22daaa18c38e592f5136705_/bin/multiqc pre-processing post-processing -o multiqc
[2025-09-26 16:41:01,608] multiqc                                            [WARNING]  MultiQC Version v1.31 now available!
[2025-09-26 16:41:01,608] multiqc                                            [DEBUG  ]  Working dir : /projects/inesmelo_research/jaileru/rna-exploration/bulk-rna-seq/workflow
[2025-09-26 16:41:01,608] multiqc                                            [DEBUG  ]  Template    : default
[2025-09-26 16:41:01,608] multiqc                                            [DEBUG  ]  Running Python 3.9.23 | packaged by conda-forge | (main, Jun  4 2025, 17:57:12)  [GCC 13.3.0]
[2025-09-26 16:41:01,608] multiqc                                            [DEBUG  ]  Analysing modules: custom_content, ccs, ngsderive, purple, conpair, lima, peddy, somalier, methylQA, mosdepth, phantompeakqualtools, qualimap, preseq, hifiasm, quast, qorts, rna_seqc, rockhopper, rsem, rseqc, busco, bustools, goleft_indexcov, gffcompare, disambiguate, supernova, deeptools, sargasso, verifybamid, mirtrace, happy, mirtop, sambamba, gopeaks, homer, hops, macs2, theta2, snpeff, gatk, htseq, bcftools, featureCounts, fgbio, dragen, dragen_fastqc, dedup, pbmarkdup, damageprofiler, mapdamage, biobambam2, jcvi, mtnucratio, picard, vep, bakta, prokka, qc3C, nanostat, samblaster, samtools, sexdeterrmine, seqera_cli, eigenstratdatabasetools, bamtools, jellyfish, vcftools, longranger, stacks, varscan2, snippy, umitools, truvari, bbmap, bismark, biscuit, diamond, hicexplorer, hicup, hicpro, salmon, kallisto, slamdunk, star, hisat2, tophat, bowtie2, bowtie1, cellranger, snpsplit, odgi, pangolin, nextclade, freyja, humid, kat, leehom, librarian, adapterRemoval, bbduk, clipandmerge, cutadapt, flexbar, sourmash, kaiju, bracken, kraken, malt, motus, trimmomatic, sickle, skewer, sortmerna, biobloomtools, fastq_screen, afterqc, fastp, fastqc, filtlong, prinseqplusplus, pychopper, porechop, pycoqc, minionqc, anglerfish, multivcfanalyzer, clusterflow, checkqc, bcl2fastq, bclconvert, interop, ivar, flash, seqyclean, optitype, whatshap, xenome, xengsort
[2025-09-26 16:41:01,608] multiqc                                            [DEBUG  ]  Using temporary directory for creating report: /tmp/tmp8xl31yy8
[2025-09-26 16:41:01,615] multiqc                                            [INFO   ]  Search path : /projects/inesmelo_research/jaileru/rna-exploration/bulk-rna-seq/workflow/pre-processing
[2025-09-26 16:41:01,615] multiqc                                            [INFO   ]  Search path : /projects/inesmelo_research/jaileru/rna-exploration/bulk-rna-seq/workflow/post-processing
[2025-09-26 16:41:14,341] multiqc                                            [DEBUG  ]  Summary of files that were skipped by the search: [skipped_module_specific_max_filesize: 4056] // [skipped_no_match: 312]
[2025-09-26 16:41:17,675] multiqc.plots.bargraph                             [DEBUG  ]  Using matplotlib version 3.9.4
[2025-09-26 16:41:17,678] multiqc.plots.linegraph                            [DEBUG  ]  Using matplotlib version 3.9.4
[2025-09-26 16:41:17,680] multiqc                                            [DEBUG  ]  No samples found: custom_content
[2025-09-26 16:41:28,309] multiqc.modules.fastqc.fastqc                      [INFO   ]  Found 312 reports
[2025-09-26 16:41:38,321] multiqc.utils.software_versions                    [DEBUG  ]  Reading software versions from config.software_versions
[2025-09-26 16:41:38,601] multiqc                                            [DEBUG  ]  Compressing plot data
[2025-09-26 16:41:38,677] multiqc                                            [INFO   ]  Report      : multiqc/multiqc_report.html
[2025-09-26 16:41:38,678] multiqc                                            [INFO   ]  Data        : multiqc/multiqc_data
[2025-09-26 16:41:38,678] multiqc                                            [DEBUG  ]  Moving data file from '/tmp/tmp8xl31yy8/multiqc_data' to 'multiqc/multiqc_data'
[2025-09-26 16:41:38,818] multiqc                                            [DEBUG  ]  Full report path: /projects/inesmelo_research/jaileru/rna-exploration/bulk-rna-seq/workflow/multiqc/multiqc_report.html
[2025-09-26 16:41:39,294] multiqc                                            [INFO   ]  MultiQC complete
